Using pre-set license
Built from '2020.3/staging' branch; Version is '2020.3.5f1 (8095aa901b9b) revision 8426922'; Using compiler version '192528614'; Build Type 'Release'
OS: 'Windows 10 Pro; OS build 19042.985; Version 2009; 64bit' Language: 'en' Physical Memory: 16257 MB
BatchMode: 1, IsHumanControllingUs: 0, StartBugReporterOnCrash: 0, Is64bit: 1, IsPro: 0

 COMMAND LINE ARGUMENTS:
C:\Program Files\Unity\Hub\Editor\2020.3.5f1\Editor\Unity.exe
-adb2
-batchMode
-noUpm
-name
AssetImportWorker1
-projectPath
C:/Users/Valdevino/Desktop/UnityProjects/Amazon-Noir
-logFile
Logs/AssetImportWorker1.log
-srvPort
57041
Successfully changed project path to: C:/Users/Valdevino/Desktop/UnityProjects/Amazon-Noir
C:/Users/Valdevino/Desktop/UnityProjects/Amazon-Noir
Using Asset Import Pipeline V2.
Refreshing native plugins compatible for Editor in 71.70 ms, found 0 plugins.
Preloading 0 native plugins for Editor in 0.00 ms.
Initialize engine version: 2020.3.5f1 (8095aa901b9b)
[Subsystems] Discovering subsystems at path C:/Program Files/Unity/Hub/Editor/2020.3.5f1/Editor/Data/Resources/UnitySubsystems
[Subsystems] Discovering subsystems at path C:/Users/Valdevino/Desktop/UnityProjects/Amazon-Noir/Assets
GfxDevice: creating device client; threaded=0
Direct3D:
    Version:  Direct3D 11.0 [level 11.1]
    Renderer: NVIDIA GeForce GTX 1070 (ID=0x1b81)
    Vendor:   
    VRAM:     8088 MB
    Driver:   27.21.14.6627
Initialize mono
Mono path[0] = 'C:/Program Files/Unity/Hub/Editor/2020.3.5f1/Editor/Data/Managed'
Mono path[1] = 'C:/Program Files/Unity/Hub/Editor/2020.3.5f1/Editor/Data/MonoBleedingEdge/lib/mono/unityjit'
Mono config path = 'C:/Program Files/Unity/Hub/Editor/2020.3.5f1/Editor/Data/MonoBleedingEdge/etc'
Using monoOptions --debugger-agent=transport=dt_socket,embedding=1,server=y,suspend=n,address=127.0.0.1:56156
Begin MonoManager ReloadAssembly
Registering precompiled unity dll's ...
Register platform support module: C:/Program Files/Unity/Hub/Editor/2020.3.5f1/Editor/Data/PlaybackEngines/MacStandaloneSupport/UnityEditor.OSXStandalone.Extensions.dll
Register platform support module: C:/Program Files/Unity/Hub/Editor/2020.3.5f1/Editor/Data/PlaybackEngines/WindowsStandaloneSupport/UnityEditor.WindowsStandalone.Extensions.dll
Registered in 0.004339 seconds.
Native extension for WindowsStandalone target not found
Native extension for OSXStandalone target not found
Refreshing native plugins compatible for Editor in 53.72 ms, found 0 plugins.
Preloading 0 native plugins for Editor in 0.00 ms.
Mono: successfully reloaded assembly
- Completed reload, in  3.512 seconds
Platform modules already initialized, skipping
Registering precompiled user dll's ...
Registered in 0.001660 seconds.
Begin MonoManager ReloadAssembly
Native extension for WindowsStandalone target not found
Native extension for OSXStandalone target not found
Refreshing native plugins compatible for Editor in 0.78 ms, found 0 plugins.
Preloading 0 native plugins for Editor in 0.00 ms.
Mono: successfully reloaded assembly
- Completed reload, in  3.280 seconds
Platform modules already initialized, skipping
========================================================================
Worker process is ready to serve import requests
Launched and connected shader compiler UnityShaderCompiler.exe after 0.07 seconds
Refreshing native plugins compatible for Editor in 0.44 ms, found 0 plugins.
Preloading 0 native plugins for Editor in 0.00 ms.
Unloading 1425 Unused Serialized files (Serialized files now loaded: 0)
System memory in use before: 98.6 MB.
System memory in use after: 98.7 MB.

Unloading 10 unused Assets to reduce memory usage. Loaded Objects now: 1902.
Total: 2.050500 ms (FindLiveObjects: 0.194500 ms CreateObjectMapping: 0.059800 ms MarkObjects: 1.645700 ms  DeleteObjects: 0.149400 ms)

========================================================================
Received Import Request.
  path: Assets/Itens.cs
  artifactKey: Guid(0d78d24f8e27e11499ada1fed43520f4) Importer(815301076,1909f56bfc062723c751e8b465ee728b)
Start importing Assets/Itens.cs using Guid(0d78d24f8e27e11499ada1fed43520f4) Importer(815301076,1909f56bfc062723c751e8b465ee728b)  -> (artifact id: 'fc7b1a085259c31898210a1a1c835e94') in 0.069452 seconds
  Import took 0.074127 seconds .

========================================================================
Received Import Request.
  Time since last request: 2403.704230 seconds.
  path: Assets/Itens.cs
  artifactKey: Guid(0d78d24f8e27e11499ada1fed43520f4) Importer(815301076,1909f56bfc062723c751e8b465ee728b)
Start importing Assets/Itens.cs using Guid(0d78d24f8e27e11499ada1fed43520f4) Importer(815301076,1909f56bfc062723c751e8b465ee728b)  -> (artifact id: '7ad3f6920baffc32669860265c79a7b7') in 0.005333 seconds
  Import took 0.013177 seconds .

========================================================================
Received Import Request.
  Time since last request: 7.123192 seconds.
  path: Assets/Itens.cs
  artifactKey: Guid(0d78d24f8e27e11499ada1fed43520f4) Importer(815301076,1909f56bfc062723c751e8b465ee728b)
Start importing Assets/Itens.cs using Guid(0d78d24f8e27e11499ada1fed43520f4) Importer(815301076,1909f56bfc062723c751e8b465ee728b)  -> (artifact id: '4c755f1a8de3dd080e5cd6226fb6ca43') in 0.003280 seconds
  Import took 0.009503 seconds .

========================================================================
Received Prepare
Registering precompiled user dll's ...
Registered in 0.001006 seconds.
Begin MonoManager ReloadAssembly
Native extension for WindowsStandalone target not found
Native extension for OSXStandalone target not found
Refreshing native plugins compatible for Editor in 0.45 ms, found 0 plugins.
Preloading 0 native plugins for Editor in 0.00 ms.
Mono: successfully reloaded assembly
- Completed reload, in  1.105 seconds
Platform modules already initialized, skipping
Refreshing native plugins compatible for Editor in 0.64 ms, found 0 plugins.
Preloading 0 native plugins for Editor in 0.00 ms.
Unloading 1415 Unused Serialized files (Serialized files now loaded: 0)
System memory in use before: 98.0 MB.
System memory in use after: 98.1 MB.

Unloading 5 unused Assets to reduce memory usage. Loaded Objects now: 1905.
Total: 4.375500 ms (FindLiveObjects: 0.407700 ms CreateObjectMapping: 0.176500 ms MarkObjects: 3.492700 ms  DeleteObjects: 0.296200 ms)

========================================================================
Received Import Request.
  Time since last request: 3291.773026 seconds.
  path: Assets/Itens.cs
  artifactKey: Guid(0d78d24f8e27e11499ada1fed43520f4) Importer(815301076,1909f56bfc062723c751e8b465ee728b)
Start importing Assets/Itens.cs using Guid(0d78d24f8e27e11499ada1fed43520f4) Importer(815301076,1909f56bfc062723c751e8b465ee728b)  -> (artifact id: '21a63b02daa7b73d1f4b34c34ac0334b') in 0.075339 seconds
  Import took 0.116562 seconds .

========================================================================
Received Prepare
Registering precompiled user dll's ...
Registered in 0.001692 seconds.
Begin MonoManager ReloadAssembly
Native extension for WindowsStandalone target not found
Native extension for OSXStandalone target not found
Refreshing native plugins compatible for Editor in 0.43 ms, found 0 plugins.
Preloading 0 native plugins for Editor in 0.00 ms.
Mono: successfully reloaded assembly
- Completed reload, in  1.537 seconds
Platform modules already initialized, skipping
Refreshing native plugins compatible for Editor in 0.45 ms, found 0 plugins.
Preloading 0 native plugins for Editor in 0.00 ms.
Unloading 1415 Unused Serialized files (Serialized files now loaded: 0)
System memory in use before: 98.1 MB.
System memory in use after: 98.1 MB.

Unloading 5 unused Assets to reduce memory usage. Loaded Objects now: 1908.
Total: 3.498700 ms (FindLiveObjects: 0.330200 ms CreateObjectMapping: 0.107200 ms MarkObjects: 2.833800 ms  DeleteObjects: 0.225600 ms)

========================================================================
Received Import Request.
  Time since last request: 334.167794 seconds.
  path: Assets/Sounds/534357__defaultv__pickup-item.mp3
  artifactKey: Guid(3c06518c88c883a47a967e46013d3fc7) Importer(815301076,1909f56bfc062723c751e8b465ee728b)
Start importing Assets/Sounds/534357__defaultv__pickup-item.mp3 using Guid(3c06518c88c883a47a967e46013d3fc7) Importer(815301076,1909f56bfc062723c751e8b465ee728b)  -> (artifact id: 'b8452ec0477167f1ad14d51dcf06ae20') in 0.249198 seconds
  Import took 0.253597 seconds .

========================================================================
Received Prepare
Registering precompiled user dll's ...
Registered in 0.001537 seconds.
Begin MonoManager ReloadAssembly
Native extension for WindowsStandalone target not found
Native extension for OSXStandalone target not found
Refreshing native plugins compatible for Editor in 0.80 ms, found 0 plugins.
Preloading 0 native plugins for Editor in 0.00 ms.
Mono: successfully reloaded assembly
- Completed reload, in  1.164 seconds
Platform modules already initialized, skipping
Refreshing native plugins compatible for Editor in 0.55 ms, found 0 plugins.
Preloading 0 native plugins for Editor in 0.00 ms.
Unloading 1415 Unused Serialized files (Serialized files now loaded: 0)
System memory in use before: 101.2 MB.
System memory in use after: 101.3 MB.

Unloading 5 unused Assets to reduce memory usage. Loaded Objects now: 1920.
Total: 2.556200 ms (FindLiveObjects: 0.236800 ms CreateObjectMapping: 0.078800 ms MarkObjects: 2.095500 ms  DeleteObjects: 0.143800 ms)

========================================================================
Received Import Request.
  Time since last request: 343.178880 seconds.
  path: Assets/Sounds/443243__damsur__crowbar.wav
  artifactKey: Guid(ae5130476bdcbeb448a046e7a035a09a) Importer(815301076,1909f56bfc062723c751e8b465ee728b)
Start importing Assets/Sounds/443243__damsur__crowbar.wav using Guid(ae5130476bdcbeb448a046e7a035a09a) Importer(815301076,1909f56bfc062723c751e8b465ee728b)  -> (artifact id: '14b2f2960bc4499892caf9d70ac71d5b') in 0.096345 seconds
  Import took 0.100830 seconds .

========================================================================
Received Prepare
Registering precompiled user dll's ...
Registered in 0.001727 seconds.
Begin MonoManager ReloadAssembly
Native extension for WindowsStandalone target not found
Native extension for OSXStandalone target not found
Refreshing native plugins compatible for Editor in 0.69 ms, found 0 plugins.
Preloading 0 native plugins for Editor in 0.00 ms.
Mono: successfully reloaded assembly
- Completed reload, in  1.682 seconds
Platform modules already initialized, skipping
Refreshing native plugins compatible for Editor in 0.48 ms, found 0 plugins.
Preloading 0 native plugins for Editor in 0.00 ms.
Unloading 1415 Unused Serialized files (Serialized files now loaded: 0)
System memory in use before: 101.2 MB.
System memory in use after: 101.3 MB.

Unloading 5 unused Assets to reduce memory usage. Loaded Objects now: 1924.
Total: 2.899400 ms (FindLiveObjects: 0.293600 ms CreateObjectMapping: 0.154300 ms MarkObjects: 2.242400 ms  DeleteObjects: 0.206600 ms)

========================================================================
Received Prepare
Registering precompiled user dll's ...
Registered in 0.001535 seconds.
Begin MonoManager ReloadAssembly
Native extension for WindowsStandalone target not found
Native extension for OSXStandalone target not found
Refreshing native plugins compatible for Editor in 0.83 ms, found 0 plugins.
Preloading 0 native plugins for Editor in 0.00 ms.
Mono: successfully reloaded assembly
- Completed reload, in  1.383 seconds
Platform modules already initialized, skipping
Refreshing native plugins compatible for Editor in 0.41 ms, found 0 plugins.
Preloading 0 native plugins for Editor in 0.00 ms.
Unloading 1415 Unused Serialized files (Serialized files now loaded: 0)
System memory in use before: 101.2 MB.
System memory in use after: 101.3 MB.

Unloading 5 unused Assets to reduce memory usage. Loaded Objects now: 1927.
Total: 2.732100 ms (FindLiveObjects: 0.258500 ms CreateObjectMapping: 0.136500 ms MarkObjects: 2.156400 ms  DeleteObjects: 0.178200 ms)

========================================================================
Received Import Request.
  Time since last request: 1839.965155 seconds.
  path: Assets/Sounds/257958__fillsoko__light-switch-on-off.wav
  artifactKey: Guid(c070edd6ec5f55b489850c28a30b8fb4) Importer(815301076,1909f56bfc062723c751e8b465ee728b)
Start importing Assets/Sounds/257958__fillsoko__light-switch-on-off.wav using Guid(c070edd6ec5f55b489850c28a30b8fb4) Importer(815301076,1909f56bfc062723c751e8b465ee728b)  -> (artifact id: 'c62930802bcfc0c386e1d8cf727675b2') in 0.098615 seconds
  Import took 0.103683 seconds .

========================================================================
Received Prepare
Refreshing native plugins compatible for Editor in 1.14 ms, found 0 plugins.
Preloading 0 native plugins for Editor in 0.00 ms.
Unloading 3 Unused Serialized files (Serialized files now loaded: 0)
System memory in use before: 73.3 MB.
System memory in use after: 73.4 MB.

Unloading 3 unused Assets to reduce memory usage. Loaded Objects now: 1928.
Total: 3.977200 ms (FindLiveObjects: 0.500400 ms CreateObjectMapping: 0.218200 ms MarkObjects: 3.105100 ms  DeleteObjects: 0.150500 ms)

AssetImportWorkerClient::OnTransportError - code=2 error=End of file
